<?xml version="1.0" encoding="UTF-8"?>
<!-- Generated by org.testng.reporters.JUnitReportReporter -->
<testsuite skipped="0" hostname="OJAS-DD57" name="com.PigeonHole.RegressionScripts.PigeonHole_QA_Test" tests="20" failures="0" timestamp="2020-01-21T13:17:08 IST" time="100.335" errors="0">
  <testcase name="clickAsiaLeadershipConference" time="7.107" classname="com.PigeonHole.RegressionScripts.PigeonHole_QA_Test"/>
  <testcase name="QuestionAndAnswer" time="11.270" classname="com.PigeonHole.RegressionScripts.PigeonHole_QA_Test"/>
  <testcase name="AdminPanel" time="10.379" classname="com.PigeonHole.RegressionScripts.PigeonHole_QA_Test"/>
  <testcase name="ProjectorPanel" time="10.329" classname="com.PigeonHole.RegressionScripts.PigeonHole_QA_Test"/>
  <testcase name="checkQuestionsFiltering" time="3.639" classname="com.PigeonHole.RegressionScripts.PigeonHole_QA_Test"/>
  <testcase name="QuestionFiltering" time="23.560" classname="com.PigeonHole.RegressionScripts.PigeonHole_QA_Test"/>
  <testcase name="shouldNotSeeTheQuestionInProjectorPanel" time="2.113" classname="com.PigeonHole.RegressionScripts.PigeonHole_QA_Test"/>
  <testcase name="questionPendingApproval_GreenText" time="6.535" classname="com.PigeonHole.RegressionScripts.PigeonHole_QA_Test"/>
  <testcase name="shouldSeeTheQuestionInAWA" time="2.062" classname="com.PigeonHole.RegressionScripts.PigeonHole_QA_Test"/>
  <testcase name="inProjectorPanelShouldSeeTheQuestionYouHaveJustApproved" time="2.105" classname="com.PigeonHole.RegressionScripts.PigeonHole_QA_Test"/>
  <testcase name="clickActive" time="2.141" classname="com.PigeonHole.RegressionScripts.PigeonHole_QA_Test"/>
  <testcase name="shouldSeeTheQuestionInProjectorPanel" time="2.093" classname="com.PigeonHole.RegressionScripts.PigeonHole_QA_Test"/>
  <testcase name="clickAnswered" time="2.108" classname="com.PigeonHole.RegressionScripts.PigeonHole_QA_Test"/>
  <testcase name="seeAnswered" time="2.102" classname="com.PigeonHole.RegressionScripts.PigeonHole_QA_Test"/>
  <testcase name="shouldNotSeeThisQuestionAnymore" time="2.091" classname="com.PigeonHole.RegressionScripts.PigeonHole_QA_Test"/>
  <testcase name="clickLoudSpeakerIcon" time="2.124" classname="com.PigeonHole.RegressionScripts.PigeonHole_QA_Test"/>
  <testcase name="clickSaveForLater" time="0.765" classname="com.PigeonHole.RegressionScripts.PigeonHole_QA_Test"/>
  <testcase name="clickSendAndConfirm" time="2.760" classname="com.PigeonHole.RegressionScripts.PigeonHole_QA_Test"/>
  <testcase name="clickClose" time="2.127" classname="com.PigeonHole.RegressionScripts.PigeonHole_QA_Test"/>
  <testcase name="viewsAndClickAssertion" time="2.925" classname="com.PigeonHole.RegressionScripts.PigeonHole_QA_Test"/>
</testsuite> <!-- com.PigeonHole.RegressionScripts.PigeonHole_QA_Test -->
