<?xml version="1.0" encoding="UTF-8"?>
<!-- Generated by org.testng.reporters.JUnitReportReporter -->
<testsuite skipped="0" hostname="OJAS-DD57" name="com.PigeonHole.RegressionScripts.PigeonHole_CreateQuizSessions" tests="16" failures="0" timestamp="2020-01-21T13:17:08 IST" time="300.835" errors="0">
  <testcase name="setUpEventModel" time="7.508" classname="com.PigeonHole.RegressionScripts.PigeonHole_CreateQuizSessions"/>
  <testcase name="createSessionWithPollQuestions" time="68.908" classname="com.PigeonHole.RegressionScripts.PigeonHole_CreateQuizSessions"/>
  <testcase name="startSession" time="20.575" classname="com.PigeonHole.RegressionScripts.PigeonHole_CreateQuizSessions"/>
  <testcase name="selectAdminPanel" time="22.332" classname="com.PigeonHole.RegressionScripts.PigeonHole_CreateQuizSessions"/>
  <testcase name="selectProjectorPanel" time="20.403" classname="com.PigeonHole.RegressionScripts.PigeonHole_CreateQuizSessions"/>
  <testcase name="clickCastYourVote" time="14.323" classname="com.PigeonHole.RegressionScripts.PigeonHole_CreateQuizSessions"/>
  <testcase name="seeOneParticipant" time="6.225" classname="com.PigeonHole.RegressionScripts.PigeonHole_CreateQuizSessions"/>
  <testcase name="shouldSeeCountdown" time="8.207" classname="com.PigeonHole.RegressionScripts.PigeonHole_CreateQuizSessions"/>
  <testcase name="imageToEnlarge" time="8.252" classname="com.PigeonHole.RegressionScripts.PigeonHole_CreateQuizSessions"/>
  <testcase name="leaderboardScreen" time="28.315" classname="com.PigeonHole.RegressionScripts.PigeonHole_CreateQuizSessions"/>
  <testcase name="checkTheScore" time="4.119" classname="com.PigeonHole.RegressionScripts.PigeonHole_CreateQuizSessions"/>
  <testcase name="quizPaused" time="2.097" classname="com.PigeonHole.RegressionScripts.PigeonHole_CreateQuizSessions"/>
  <testcase name="clickResumeButton" time="4.124" classname="com.PigeonHole.RegressionScripts.PigeonHole_CreateQuizSessions"/>
  <testcase name="shouldSeeWellDoneAndSorryText" time="65.151" classname="com.PigeonHole.RegressionScripts.PigeonHole_CreateQuizSessions"/>
  <testcase name="seeScoreInAdminPanel" time="9.130" classname="com.PigeonHole.RegressionScripts.PigeonHole_CreateQuizSessions"/>
  <testcase name="seeScoreInProjectorPanel" time="11.166" classname="com.PigeonHole.RegressionScripts.PigeonHole_CreateQuizSessions"/>
</testsuite> <!-- com.PigeonHole.RegressionScripts.PigeonHole_CreateQuizSessions -->
