<?xml version="1.0" encoding="UTF-8"?>
<!-- Generated by org.testng.reporters.JUnitReportReporter -->
<testsuite skipped="0" hostname="OJAS-DD57" name="com.PigeonHole.RegressionScripts.PigeonHole_MultipleChoicePoll_Test" tests="19" failures="0" timestamp="2020-01-21T13:17:08 IST" time="111.090" errors="0">
  <testcase name="Add_Pigeonhole" time="0.366" classname="com.PigeonHole.RegressionScripts.PigeonHole_MultipleChoicePoll_Test"/>
  <testcase name="eventCreation" time="4.342" classname="com.PigeonHole.RegressionScripts.PigeonHole_MultipleChoicePoll_Test"/>
  <testcase name="addSession" time="4.548" classname="com.PigeonHole.RegressionScripts.PigeonHole_MultipleChoicePoll_Test"/>
  <testcase name="multipleChoicePoll" time="1.992" classname="com.PigeonHole.RegressionScripts.PigeonHole_MultipleChoicePoll_Test"/>
  <testcase name="numericScale" time="3.241" classname="com.PigeonHole.RegressionScripts.PigeonHole_MultipleChoicePoll_Test"/>
  <testcase name="draggableScale" time="3.213" classname="com.PigeonHole.RegressionScripts.PigeonHole_MultipleChoicePoll_Test"/>
  <testcase name="iconRating" time="1.701" classname="com.PigeonHole.RegressionScripts.PigeonHole_MultipleChoicePoll_Test"/>
  <testcase name="attendeeCheckBox" time="0.410" classname="com.PigeonHole.RegressionScripts.PigeonHole_MultipleChoicePoll_Test"/>
  <testcase name="iconAndEventNameAssertion" time="1.636" classname="com.PigeonHole.RegressionScripts.PigeonHole_MultipleChoicePoll_Test"/>
  <testcase name="editNextButtonClick" time="0.821" classname="com.PigeonHole.RegressionScripts.PigeonHole_MultipleChoicePoll_Test"/>
  <testcase name="AudienceWebApp" time="8.334" classname="com.PigeonHole.RegressionScripts.PigeonHole_MultipleChoicePoll_Test"/>
  <testcase name="AdminPanel" time="10.390" classname="com.PigeonHole.RegressionScripts.PigeonHole_MultipleChoicePoll_Test"/>
  <testcase name="ProjectorPanel" time="10.355" classname="com.PigeonHole.RegressionScripts.PigeonHole_MultipleChoicePoll_Test"/>
  <testcase name="castYourVote" time="4.619" classname="com.PigeonHole.RegressionScripts.PigeonHole_MultipleChoicePoll_Test"/>
  <testcase name="votedOptionAndPercentageInAdminPanel" time="4.832" classname="com.PigeonHole.RegressionScripts.PigeonHole_MultipleChoicePoll_Test"/>
  <testcase name="votedOptionAndPercentageInProjectorPanel" time="3.383" classname="com.PigeonHole.RegressionScripts.PigeonHole_MultipleChoicePoll_Test"/>
  <testcase name="ThankYouForParticipating" time="40.522" classname="com.PigeonHole.RegressionScripts.PigeonHole_MultipleChoicePoll_Test"/>
  <testcase name="summaryOfThePoll" time="4.237" classname="com.PigeonHole.RegressionScripts.PigeonHole_MultipleChoicePoll_Test"/>
  <testcase name="verifyFinalCount" time="2.148" classname="com.PigeonHole.RegressionScripts.PigeonHole_MultipleChoicePoll_Test"/>
</testsuite> <!-- com.PigeonHole.RegressionScripts.PigeonHole_MultipleChoicePoll_Test -->
